app/build/intermediates/manifest_merge_blame_file/debug/manifest-merger-blame-debug-report.txt
1<?xml version="1.0" encoding="utf-8"?>
2<manifest xmlns:android="http://schemas.android.com/apk/res/android"
3    package="com.example.note2snap"
4    android:versionCode="1"
5    android:versionName="1.0" >
6
7    <uses-sdk
8        android:minSdkVersion="24"
9        android:targetSdkVersion="34" />
10
11    <!-- Hardware Features -->
12    <uses-feature android:name="android.hardware.camera.any" />
12-->src\main\AndroidManifest.xml:6:5-64
12-->src\main\AndroidManifest.xml:6:19-61
13
14    <!-- Permissions -->
15    <uses-permission android:name="android.permission.CAMERA" />
15-->src\main\AndroidManifest.xml:9:5-65
15-->src\main\AndroidManifest.xml:9:22-62
16    <uses-permission
16-->src\main\AndroidManifest.xml:10:5-12:38
17        android:name="android.permission.READ_EXTERNAL_STORAGE"
17-->src\main\AndroidManifest.xml:11:9-64
18        android:maxSdkVersion="32" />
18-->src\main\AndroidManifest.xml:12:9-35
19    <uses-permission android:name="android.permission.READ_MEDIA_IMAGES" />
19-->src\main\AndroidManifest.xml:13:5-76
19-->src\main\AndroidManifest.xml:13:22-73
20
21    <queries>
21-->[com.github.CanHub:Android-Image-Cropper:4.5.0] AndroidManifest.xml:9:5-20:15
22        <intent>
22-->[com.github.CanHub:Android-Image-Cropper:4.5.0] AndroidManifest.xml:10:9-16:18
23            <action android:name="android.intent.action.GET_CONTENT" />
23-->[com.github.CanHub:Android-Image-Cropper:4.5.0] AndroidManifest.xml:11:13-72
23-->[com.github.CanHub:Android-Image-Cropper:4.5.0] AndroidManifest.xml:11:21-69
24
25            <category android:name="android.intent.category.OPENABLE" />
25-->[com.github.CanHub:Android-Image-Cropper:4.5.0] AndroidManifest.xml:13:13-73
25-->[com.github.CanHub:Android-Image-Cropper:4.5.0] AndroidManifest.xml:13:23-70
26
27            <data android:mimeType="*/*" />
27-->[com.github.CanHub:Android-Image-Cropper:4.5.0] AndroidManifest.xml:15:13-44
27-->[com.github.CanHub:Android-Image-Cropper:4.5.0] AndroidManifest.xml:15:19-41
28        </intent>
29        <intent>
29-->[com.github.CanHub:Android-Image-Cropper:4.5.0] AndroidManifest.xml:17:9-19:18
30            <action android:name="android.media.action.IMAGE_CAPTURE" />
30-->[com.github.CanHub:Android-Image-Cropper:4.5.0] AndroidManifest.xml:18:13-73
30-->[com.github.CanHub:Android-Image-Cropper:4.5.0] AndroidManifest.xml:18:21-70
31        </intent>
32    </queries>
33
34    <permission
34-->[androidx.core:core:1.13.1] AndroidManifest.xml:22:5-24:47
35        android:name="com.example.note2snap.DYNAMIC_RECEIVER_NOT_EXPORTED_PERMISSION"
35-->[androidx.core:core:1.13.1] AndroidManifest.xml:23:9-81
36        android:protectionLevel="signature" />
36-->[androidx.core:core:1.13.1] AndroidManifest.xml:24:9-44
37
38    <uses-permission android:name="com.example.note2snap.DYNAMIC_RECEIVER_NOT_EXPORTED_PERMISSION" /> <!-- Although the *SdkVersion is captured in gradle build files, this is required for non gradle builds -->
38-->[androidx.core:core:1.13.1] AndroidManifest.xml:26:5-97
38-->[androidx.core:core:1.13.1] AndroidManifest.xml:26:22-94
39    <!-- <uses-sdk android:minSdkVersion="14"/> -->
40    <uses-permission android:name="android.permission.ACCESS_NETWORK_STATE" />
40-->[com.google.android.datatransport:transport-backend-cct:2.3.3] AndroidManifest.xml:25:5-79
40-->[com.google.android.datatransport:transport-backend-cct:2.3.3] AndroidManifest.xml:25:22-76
41    <uses-permission android:name="android.permission.INTERNET" />
41-->[com.google.android.datatransport:transport-backend-cct:2.3.3] AndroidManifest.xml:26:5-67
41-->[com.google.android.datatransport:transport-backend-cct:2.3.3] AndroidManifest.xml:26:22-64
42
43    <application
43-->src\main\AndroidManifest.xml:15:5-54:19
44        android:allowBackup="true"
44-->src\main\AndroidManifest.xml:16:9-35
45        android:appComponentFactory="androidx.core.app.CoreComponentFactory"
45-->[androidx.core:core:1.13.1] AndroidManifest.xml:28:18-86
46        android:debuggable="true"
47        android:extractNativeLibs="false"
48        android:icon="@mipmap/ic_launcher"
48-->src\main\AndroidManifest.xml:17:9-43
49        android:label="NOTE2SNAP"
49-->src\main\AndroidManifest.xml:19:9-34
50        android:roundIcon="@mipmap/ic_launcher_round"
50-->src\main\AndroidManifest.xml:18:9-54
51        android:supportsRtl="true"
51-->src\main\AndroidManifest.xml:20:9-35
52        android:testOnly="true"
53        android:theme="@style/Theme.Note2Snap" >
53-->src\main\AndroidManifest.xml:21:9-47
54        <activity
54-->src\main\AndroidManifest.xml:23:9-31:20
55            android:name="com.example.note2snap.activities.SplashActivity"
55-->src\main\AndroidManifest.xml:24:13-54
56            android:exported="true"
56-->src\main\AndroidManifest.xml:25:13-36
57            android:theme="@style/Theme.Note2Snap" >
57-->src\main\AndroidManifest.xml:26:13-51
58            <intent-filter>
58-->src\main\AndroidManifest.xml:27:13-30:29
59                <action android:name="android.intent.action.MAIN" />
59-->src\main\AndroidManifest.xml:28:17-69
59-->src\main\AndroidManifest.xml:28:25-66
60
61                <category android:name="android.intent.category.LAUNCHER" />
61-->src\main\AndroidManifest.xml:29:17-77
61-->src\main\AndroidManifest.xml:29:27-74
62            </intent-filter>
63        </activity>
64        <activity
64-->src\main\AndroidManifest.xml:33:9-86
65            android:name="com.example.note2snap.activities.MainActivity"
65-->src\main\AndroidManifest.xml:33:19-58
66            android:exported="false" />
66-->src\main\AndroidManifest.xml:33:59-83
67        <activity
67-->src\main\AndroidManifest.xml:34:9-89
68            android:name="com.example.note2snap.activities.LoadingActivity"
68-->src\main\AndroidManifest.xml:34:19-61
69            android:exported="false" />
69-->src\main\AndroidManifest.xml:34:62-86
70        <activity
70-->src\main\AndroidManifest.xml:35:9-94
71            android:name="com.example.note2snap.activities.CreateFolderActivity"
71-->src\main\AndroidManifest.xml:35:19-66
72            android:exported="false" />
72-->src\main\AndroidManifest.xml:35:67-91
73        <activity
73-->src\main\AndroidManifest.xml:36:9-92
74            android:name="com.example.note2snap.activities.SaveFolderActivity"
74-->src\main\AndroidManifest.xml:36:19-64
75            android:exported="false" />
75-->src\main\AndroidManifest.xml:36:65-89
76        <activity
76-->src\main\AndroidManifest.xml:37:9-91
77            android:name="com.example.note2snap.activities.PdfViewerActivity"
77-->src\main\AndroidManifest.xml:37:19-63
78            android:exported="false" />
78-->src\main\AndroidManifest.xml:37:64-88
79
80        <!-- CanHub Android Image Cropper Activity -->
81        <activity
81-->src\main\AndroidManifest.xml:40:9-42:59
82            android:name="com.canhub.cropper.CropImageActivity"
82-->src\main\AndroidManifest.xml:41:13-64
83            android:exported="true"
83-->[com.github.CanHub:Android-Image-Cropper:4.5.0] AndroidManifest.xml:35:13-36
84            android:theme="@style/Base.Theme.AppCompat" />
84-->src\main\AndroidManifest.xml:42:13-56
85
86        <provider
87            android:name="androidx.core.content.FileProvider"
87-->src\main\AndroidManifest.xml:45:13-62
88            android:authorities="com.example.note2snap.provider"
88-->src\main\AndroidManifest.xml:46:13-60
89            android:exported="false"
89-->src\main\AndroidManifest.xml:47:13-37
90            android:grantUriPermissions="true" >
90-->src\main\AndroidManifest.xml:48:13-47
91            <meta-data
91-->src\main\AndroidManifest.xml:49:13-51:54
92                android:name="android.support.FILE_PROVIDER_PATHS"
92-->src\main\AndroidManifest.xml:50:17-67
93                android:resource="@xml/file_paths" />
93-->src\main\AndroidManifest.xml:51:17-51
94        </provider>
95        <provider
95-->[com.github.CanHub:Android-Image-Cropper:4.5.0] AndroidManifest.xml:23:9-31:20
96            android:name="com.canhub.cropper.CropFileProvider"
96-->[com.github.CanHub:Android-Image-Cropper:4.5.0] AndroidManifest.xml:24:13-63
97            android:authorities="com.example.note2snap.cropper.fileprovider"
97-->[com.github.CanHub:Android-Image-Cropper:4.5.0] AndroidManifest.xml:25:13-72
98            android:exported="false"
98-->[com.github.CanHub:Android-Image-Cropper:4.5.0] AndroidManifest.xml:26:13-37
99            android:grantUriPermissions="true" >
99-->[com.github.CanHub:Android-Image-Cropper:4.5.0] AndroidManifest.xml:27:13-47
100            <meta-data
100-->src\main\AndroidManifest.xml:49:13-51:54
101                android:name="android.support.FILE_PROVIDER_PATHS"
101-->src\main\AndroidManifest.xml:50:17-67
102                android:resource="@xml/library_file_paths" />
102-->src\main\AndroidManifest.xml:51:17-51
103        </provider>
104
105        <service
105-->[androidx.camera:camera-camera2:1.3.4] AndroidManifest.xml:24:9-33:19
106            android:name="androidx.camera.core.impl.MetadataHolderService"
106-->[androidx.camera:camera-camera2:1.3.4] AndroidManifest.xml:25:13-75
107            android:enabled="false"
107-->[androidx.camera:camera-camera2:1.3.4] AndroidManifest.xml:26:13-36
108            android:exported="false" >
108-->[androidx.camera:camera-camera2:1.3.4] AndroidManifest.xml:27:13-37
109            <meta-data
109-->[androidx.camera:camera-camera2:1.3.4] AndroidManifest.xml:30:13-32:89
110                android:name="androidx.camera.core.impl.MetadataHolderService.DEFAULT_CONFIG_PROVIDER"
110-->[androidx.camera:camera-camera2:1.3.4] AndroidManifest.xml:31:17-103
111                android:value="androidx.camera.camera2.Camera2Config$DefaultProvider" />
111-->[androidx.camera:camera-camera2:1.3.4] AndroidManifest.xml:32:17-86
112        </service>
113        <service
113-->[com.google.android.gms:play-services-mlkit-text-recognition-common:19.1.0] AndroidManifest.xml:9:9-15:19
114            android:name="com.google.mlkit.common.internal.MlKitComponentDiscoveryService"
114-->[com.google.android.gms:play-services-mlkit-text-recognition-common:19.1.0] AndroidManifest.xml:10:13-91
115            android:directBootAware="true"
115-->[com.google.mlkit:common:18.11.0] AndroidManifest.xml:17:13-43
116            android:exported="false" >
116-->[com.google.android.gms:play-services-mlkit-text-recognition-common:19.1.0] AndroidManifest.xml:11:13-37
117            <meta-data
117-->[com.google.android.gms:play-services-mlkit-text-recognition-common:19.1.0] AndroidManifest.xml:12:13-14:85
118                android:name="com.google.firebase.components:com.google.mlkit.vision.text.internal.TextRegistrar"
118-->[com.google.android.gms:play-services-mlkit-text-recognition-common:19.1.0] AndroidManifest.xml:13:17-114
119                android:value="com.google.firebase.components.ComponentRegistrar" />
119-->[com.google.android.gms:play-services-mlkit-text-recognition-common:19.1.0] AndroidManifest.xml:14:17-82
120            <meta-data
120-->[com.google.mlkit:vision-common:17.3.0] AndroidManifest.xml:12:13-14:85
121                android:name="com.google.firebase.components:com.google.mlkit.vision.common.internal.VisionCommonRegistrar"
121-->[com.google.mlkit:vision-common:17.3.0] AndroidManifest.xml:13:17-124
122                android:value="com.google.firebase.components.ComponentRegistrar" />
122-->[com.google.mlkit:vision-common:17.3.0] AndroidManifest.xml:14:17-82
123            <meta-data
123-->[com.google.mlkit:common:18.11.0] AndroidManifest.xml:20:13-22:85
124                android:name="com.google.firebase.components:com.google.mlkit.common.internal.CommonComponentRegistrar"
124-->[com.google.mlkit:common:18.11.0] AndroidManifest.xml:21:17-120
125                android:value="com.google.firebase.components.ComponentRegistrar" />
125-->[com.google.mlkit:common:18.11.0] AndroidManifest.xml:22:17-82
126        </service>
127
128        <provider
128-->[com.google.mlkit:common:18.11.0] AndroidManifest.xml:9:9-13:38
129            android:name="com.google.mlkit.common.internal.MlKitInitProvider"
129-->[com.google.mlkit:common:18.11.0] AndroidManifest.xml:10:13-78
130            android:authorities="com.example.note2snap.mlkitinitprovider"
130-->[com.google.mlkit:common:18.11.0] AndroidManifest.xml:11:13-69
131            android:exported="false"
131-->[com.google.mlkit:common:18.11.0] AndroidManifest.xml:12:13-37
132            android:initOrder="99" />
132-->[com.google.mlkit:common:18.11.0] AndroidManifest.xml:13:13-35
133        <provider
133-->[androidx.emoji2:emoji2:1.3.0] AndroidManifest.xml:24:9-32:20
134            android:name="androidx.startup.InitializationProvider"
134-->[androidx.emoji2:emoji2:1.3.0] AndroidManifest.xml:25:13-67
135            android:authorities="com.example.note2snap.androidx-startup"
135-->[androidx.emoji2:emoji2:1.3.0] AndroidManifest.xml:26:13-68
136            android:exported="false" >
136-->[androidx.emoji2:emoji2:1.3.0] AndroidManifest.xml:27:13-37
137            <meta-data
137-->[androidx.emoji2:emoji2:1.3.0] AndroidManifest.xml:29:13-31:52
138                android:name="androidx.emoji2.text.EmojiCompatInitializer"
138-->[androidx.emoji2:emoji2:1.3.0] AndroidManifest.xml:30:17-75
139                android:value="androidx.startup" />
139-->[androidx.emoji2:emoji2:1.3.0] AndroidManifest.xml:31:17-49
140            <meta-data
140-->[androidx.lifecycle:lifecycle-process:2.8.4] AndroidManifest.xml:29:13-31:52
141                android:name="androidx.lifecycle.ProcessLifecycleInitializer"
141-->[androidx.lifecycle:lifecycle-process:2.8.4] AndroidManifest.xml:30:17-78
142                android:value="androidx.startup" />
142-->[androidx.lifecycle:lifecycle-process:2.8.4] AndroidManifest.xml:31:17-49
143            <meta-data
143-->[androidx.profileinstaller:profileinstaller:1.3.1] AndroidManifest.xml:29:13-31:52
144                android:name="androidx.profileinstaller.ProfileInstallerInitializer"
144-->[androidx.profileinstaller:profileinstaller:1.3.1] AndroidManifest.xml:30:17-85
145                android:value="androidx.startup" />
145-->[androidx.profileinstaller:profileinstaller:1.3.1] AndroidManifest.xml:31:17-49
146        </provider>
147
148        <activity
148-->[com.google.android.gms:play-services-base:18.5.0] AndroidManifest.xml:5:9-173
149            android:name="com.google.android.gms.common.api.GoogleApiActivity"
149-->[com.google.android.gms:play-services-base:18.5.0] AndroidManifest.xml:5:19-85
150            android:exported="false"
150-->[com.google.android.gms:play-services-base:18.5.0] AndroidManifest.xml:5:146-170
151            android:theme="@android:style/Theme.Translucent.NoTitleBar" />
151-->[com.google.android.gms:play-services-base:18.5.0] AndroidManifest.xml:5:86-145
152
153        <meta-data
153-->[com.google.android.gms:play-services-basement:18.4.0] AndroidManifest.xml:6:9-122
154            android:name="com.google.android.gms.version"
154-->[com.google.android.gms:play-services-basement:18.4.0] AndroidManifest.xml:6:20-65
155            android:value="@integer/google_play_services_version" />
155-->[com.google.android.gms:play-services-basement:18.4.0] AndroidManifest.xml:6:66-119
156
157        <service
157-->[androidx.room:room-runtime:2.6.1] AndroidManifest.xml:24:9-28:63
158            android:name="androidx.room.MultiInstanceInvalidationService"
158-->[androidx.room:room-runtime:2.6.1] AndroidManifest.xml:25:13-74
159            android:directBootAware="true"
159-->[androidx.room:room-runtime:2.6.1] AndroidManifest.xml:26:13-43
160            android:exported="false" />
160-->[androidx.room:room-runtime:2.6.1] AndroidManifest.xml:27:13-37
161
162        <receiver
162-->[androidx.profileinstaller:profileinstaller:1.3.1] AndroidManifest.xml:34:9-52:20
163            android:name="androidx.profileinstaller.ProfileInstallReceiver"
163-->[androidx.profileinstaller:profileinstaller:1.3.1] AndroidManifest.xml:35:13-76
164            android:directBootAware="false"
164-->[androidx.profileinstaller:profileinstaller:1.3.1] AndroidManifest.xml:36:13-44
165            android:enabled="true"
165-->[androidx.profileinstaller:profileinstaller:1.3.1] AndroidManifest.xml:37:13-35
166            android:exported="true"
166-->[androidx.profileinstaller:profileinstaller:1.3.1] AndroidManifest.xml:38:13-36
167            android:permission="android.permission.DUMP" >
167-->[androidx.profileinstaller:profileinstaller:1.3.1] AndroidManifest.xml:39:13-57
168            <intent-filter>
168-->[androidx.profileinstaller:profileinstaller:1.3.1] AndroidManifest.xml:40:13-42:29
169                <action android:name="androidx.profileinstaller.action.INSTALL_PROFILE" />
169-->[androidx.profileinstaller:profileinstaller:1.3.1] AndroidManifest.xml:41:17-91
169-->[androidx.profileinstaller:profileinstaller:1.3.1] AndroidManifest.xml:41:25-88
170            </intent-filter>
171            <intent-filter>
171-->[androidx.profileinstaller:profileinstaller:1.3.1] AndroidManifest.xml:43:13-45:29
172                <action android:name="androidx.profileinstaller.action.SKIP_FILE" />
172-->[androidx.profileinstaller:profileinstaller:1.3.1] AndroidManifest.xml:44:17-85
172-->[androidx.profileinstaller:profileinstaller:1.3.1] AndroidManifest.xml:44:25-82
173            </intent-filter>
174            <intent-filter>
174-->[androidx.profileinstaller:profileinstaller:1.3.1] AndroidManifest.xml:46:13-48:29
175                <action android:name="androidx.profileinstaller.action.SAVE_PROFILE" />
175-->[androidx.profileinstaller:profileinstaller:1.3.1] AndroidManifest.xml:47:17-88
175-->[androidx.profileinstaller:profileinstaller:1.3.1] AndroidManifest.xml:47:25-85
176            </intent-filter>
177            <intent-filter>
177-->[androidx.profileinstaller:profileinstaller:1.3.1] AndroidManifest.xml:49:13-51:29
178                <action android:name="androidx.profileinstaller.action.BENCHMARK_OPERATION" />
178-->[androidx.profileinstaller:profileinstaller:1.3.1] AndroidManifest.xml:50:17-95
178-->[androidx.profileinstaller:profileinstaller:1.3.1] AndroidManifest.xml:50:25-92
179            </intent-filter>
180        </receiver>
181
182        <service
182-->[com.google.android.datatransport:transport-backend-cct:2.3.3] AndroidManifest.xml:29:9-35:19
183            android:name="com.google.android.datatransport.runtime.backends.TransportBackendDiscovery"
183-->[com.google.android.datatransport:transport-backend-cct:2.3.3] AndroidManifest.xml:30:13-103
184            android:exported="false" >
184-->[com.google.android.datatransport:transport-backend-cct:2.3.3] AndroidManifest.xml:31:13-37
185            <meta-data
185-->[com.google.android.datatransport:transport-backend-cct:2.3.3] AndroidManifest.xml:32:13-34:39
186                android:name="backend:com.google.android.datatransport.cct.CctBackendFactory"
186-->[com.google.android.datatransport:transport-backend-cct:2.3.3] AndroidManifest.xml:33:17-94
187                android:value="cct" />
187-->[com.google.android.datatransport:transport-backend-cct:2.3.3] AndroidManifest.xml:34:17-36
188        </service>
189        <service
189-->[com.google.android.datatransport:transport-runtime:2.2.6] AndroidManifest.xml:26:9-30:19
190            android:name="com.google.android.datatransport.runtime.scheduling.jobscheduling.JobInfoSchedulerService"
190-->[com.google.android.datatransport:transport-runtime:2.2.6] AndroidManifest.xml:27:13-117
191            android:exported="false"
191-->[com.google.android.datatransport:transport-runtime:2.2.6] AndroidManifest.xml:28:13-37
192            android:permission="android.permission.BIND_JOB_SERVICE" >
192-->[com.google.android.datatransport:transport-runtime:2.2.6] AndroidManifest.xml:29:13-69
193        </service>
194
195        <receiver
195-->[com.google.android.datatransport:transport-runtime:2.2.6] AndroidManifest.xml:32:9-34:40
196            android:name="com.google.android.datatransport.runtime.scheduling.jobscheduling.AlarmManagerSchedulerBroadcastReceiver"
196-->[com.google.android.datatransport:transport-runtime:2.2.6] AndroidManifest.xml:33:13-132
197            android:exported="false" />
197-->[com.google.android.datatransport:transport-runtime:2.2.6] AndroidManifest.xml:34:13-37
198    </application>
199
200</manifest>